<?xml version="1.0" encoding="UTF-8"?>
<!-- Generated by org.testng.reporters.JUnitReportReporter -->
<testsuite hostname="DESKTOP-VIBFE1E" failures="0" tests="3" name="com.qa.magenta.tests.MagentaHomePageTest" time="0.222" errors="0" timestamp="2024-02-07T13:43:49 MEZ" skipped="0">
  <testcase classname="com.qa.magenta.tests.MagentaHomePageTest" name="homePageTitleTest" time="0.004"/>
  <system-out/>
  <testcase classname="com.qa.magenta.tests.MagentaHomePageTest" name="verifyClickOnSportTest" time="0.218"/>
  <system-out/>
  <testcase classname="com.qa.magenta.tests.MagentaHomePageTest" name="homePageURLTest" time="0.000"/>
  <system-out/>
</testsuite> <!-- com.qa.magenta.tests.MagentaHomePageTest -->
